Using pre-set license
Built from '2020.3/release' branch; Version is '2020.3.7f1 (dd97f2c94397) revision 14522354'; Using compiler version '192528614'; Build Type 'Release'
OS: 'Windows 10 Home; OS build 19042.1237; Version 2009; 64bit' Language: 'uk' Physical Memory: 8053 MB
BatchMode: 1, IsHumanControllingUs: 0, StartBugReporterOnCrash: 0, Is64bit: 1, IsPro: 0

 COMMAND LINE ARGUMENTS:
C:\Program Files\Unity\Hub\Editor\2020.3.7f1\Editor\Unity.exe
-adb2
-batchMode
-noUpm
-name
AssetImportWorker1
-projectPath
D:/Uniti/Projects/TestQuaternion
-logFile
Logs/AssetImportWorker1.log
-srvPort
65036
Successfully changed project path to: D:/Uniti/Projects/TestQuaternion
D:/Uniti/Projects/TestQuaternion
Using Asset Import Pipeline V2.
Refreshing native plugins compatible for Editor in 123.03 ms, found 0 plugins.
Preloading 0 native plugins for Editor in 0.00 ms.
Initialize engine version: 2020.3.7f1 (dd97f2c94397)
[Subsystems] Discovering subsystems at path C:/Program Files/Unity/Hub/Editor/2020.3.7f1/Editor/Data/Resources/UnitySubsystems
[Subsystems] Discovering subsystems at path D:/Uniti/Projects/TestQuaternion/Assets
GfxDevice: creating device client; threaded=0
Direct3D:
    Version:  Direct3D 11.0 [level 11.1]
    Renderer: Intel(R) HD Graphics 520 (ID=0x1916)
    Vendor:   
    VRAM:     4026 MB
    Driver:   27.20.100.8681
Initialize mono
Mono path[0] = 'C:/Program Files/Unity/Hub/Editor/2020.3.7f1/Editor/Data/Managed'
Mono path[1] = 'C:/Program Files/Unity/Hub/Editor/2020.3.7f1/Editor/Data/MonoBleedingEdge/lib/mono/unityjit'
Mono config path = 'C:/Program Files/Unity/Hub/Editor/2020.3.7f1/Editor/Data/MonoBleedingEdge/etc'
Using monoOptions --debugger-agent=transport=dt_socket,embedding=1,server=y,suspend=n,address=127.0.0.1:56896
Begin MonoManager ReloadAssembly
Registering precompiled unity dll's ...
Register platform support module: C:/Program Files/Unity/Hub/Editor/2020.3.7f1/Editor/Data/PlaybackEngines/WebGLSupport/UnityEditor.WebGL.Extensions.dll
Register platform support module: C:/Program Files/Unity/Hub/Editor/2020.3.7f1/Editor/Data/PlaybackEngines/WindowsStandaloneSupport/UnityEditor.WindowsStandalone.Extensions.dll
Registered in 0.010111 seconds.
Native extension for WindowsStandalone target not found
Native extension for WebGL target not found
Refreshing native plugins compatible for Editor in 64.77 ms, found 0 plugins.
Preloading 0 native plugins for Editor in 0.00 ms.
Mono: successfully reloaded assembly
- Completed reload, in  5.603 seconds
Platform modules already initialized, skipping
Registering precompiled user dll's ...
Registered in 0.001061 seconds.
Begin MonoManager ReloadAssembly
Native extension for WindowsStandalone target not found
Native extension for WebGL target not found
Refreshing native plugins compatible for Editor in 0.35 ms, found 0 plugins.
Preloading 0 native plugins for Editor in 0.00 ms.
Mono: successfully reloaded assembly
- Completed reload, in  2.522 seconds
Platform modules already initialized, skipping
========================================================================
Worker process is ready to serve import requests
Launched and connected shader compiler UnityShaderCompiler.exe after 0.15 seconds
Refreshing native plugins compatible for Editor in 0.34 ms, found 0 plugins.
Preloading 0 native plugins for Editor in 0.00 ms.
Unloading 1122 Unused Serialized files (Serialized files now loaded: 0)
System memory in use before: 57.4 MB.
System memory in use after: 57.5 MB.

Unloading 10 unused Assets to reduce memory usage. Loaded Objects now: 1564.
Total: 4.121200 ms (FindLiveObjects: 0.327300 ms CreateObjectMapping: 0.122700 ms MarkObjects: 3.443300 ms  DeleteObjects: 0.224400 ms)

========================================================================
Received Import Request.
  path: Assets/Sourсe/Cherry.png
  artifactKey: Guid(8fbfad99c2422d1408acf77461d6ddb7) Importer(815301076,1909f56bfc062723c751e8b465ee728b)
Start importing Assets/Sourсe/Cherry.png using Guid(8fbfad99c2422d1408acf77461d6ddb7) Importer(815301076,1909f56bfc062723c751e8b465ee728b)  -> (artifact id: 'e8493d5de6477a952a78d785c778a0c7') in 0.712049 seconds
  Import took 0.718138 seconds .

========================================================================
Received Import Request.
  Time since last request: 8.182130 seconds.
  path: Assets/Sourсe/Orange.png
  artifactKey: Guid(3d846f0af4ebc9146a2c3eaff475e6db) Importer(815301076,1909f56bfc062723c751e8b465ee728b)
Start importing Assets/Sourсe/Orange.png using Guid(3d846f0af4ebc9146a2c3eaff475e6db) Importer(815301076,1909f56bfc062723c751e8b465ee728b)  -> (artifact id: '6d568fdf30087d86f89c4490df95931f') in 0.126203 seconds
  Import took 0.135475 seconds .

========================================================================
Received Import Request.
  Time since last request: 7.528671 seconds.
  path: Assets/Sourсe/Pineapple.png
  artifactKey: Guid(2a995bac9bee67b42b642da79f4d9bd5) Importer(815301076,1909f56bfc062723c751e8b465ee728b)
Start importing Assets/Sourсe/Pineapple.png using Guid(2a995bac9bee67b42b642da79f4d9bd5) Importer(815301076,1909f56bfc062723c751e8b465ee728b)  -> (artifact id: '57dabc44c1dd2deb7d4457959804c666') in 0.154469 seconds
  Import took 0.165280 seconds .

========================================================================
Received Import Request.
  Time since last request: 13.003551 seconds.
  path: Assets/Sourсe/Strawberry.png
  artifactKey: Guid(8de0578be036e0c49bbc1b87e69b69e3) Importer(815301076,1909f56bfc062723c751e8b465ee728b)
Start importing Assets/Sourсe/Strawberry.png using Guid(8de0578be036e0c49bbc1b87e69b69e3) Importer(815301076,1909f56bfc062723c751e8b465ee728b)  -> (artifact id: 'b1b3d0d1333e34160a0f49d9c131cdd3') in 0.435088 seconds
  Import took 0.439945 seconds .

========================================================================
Received Prepare
Registering precompiled user dll's ...
Registered in 0.001410 seconds.
Begin MonoManager ReloadAssembly
Native extension for WindowsStandalone target not found
Native extension for WebGL target not found
Refreshing native plugins compatible for Editor in 0.61 ms, found 0 plugins.
Preloading 0 native plugins for Editor in 0.00 ms.
Mono: successfully reloaded assembly
- Completed reload, in  2.820 seconds
Platform modules already initialized, skipping
Switching build target platform(5) subTarget(0) extendedPlatform(0) -> platform(13) subTarget(537395200) extendedPlatform(0)
Refreshing native plugins compatible for Editor in 0.34 ms, found 0 plugins.
Preloading 0 native plugins for Editor in 0.00 ms.
Unloading 1120 Unused Serialized files (Serialized files now loaded: 0)
System memory in use before: 60.4 MB.
System memory in use after: 60.5 MB.

Unloading 5 unused Assets to reduce memory usage. Loaded Objects now: 1579.
Total: 2.845200 ms (FindLiveObjects: 0.247500 ms CreateObjectMapping: 0.076000 ms MarkObjects: 2.448000 ms  DeleteObjects: 0.071600 ms)

AssetImportParameters requested are different than current active one (requested -> active):
  custom:graphics/normal-map-encoding: 01000000000000000000000000000000 -> 02000000000000000000000000000000
========================================================================
Received Import Request.
  Time since last request: 321.664265 seconds.
  path: Assets/Prefab/Item.prefab
  artifactKey: Guid(5d05efda609a33d48a01f786a2455cd4) Importer(815301076,1909f56bfc062723c751e8b465ee728b)
Start importing Assets/Prefab/Item.prefab using Guid(5d05efda609a33d48a01f786a2455cd4) Importer(815301076,1909f56bfc062723c751e8b465ee728b)  -> (artifact id: '6011b789e238992450fc1eb89ff152d4') in 0.126765 seconds
  Import took 0.133004 seconds .

========================================================================
Received Prepare
Registering precompiled user dll's ...
Registered in 0.000994 seconds.
Begin MonoManager ReloadAssembly
Native extension for WindowsStandalone target not found
Native extension for WebGL target not found
Refreshing native plugins compatible for Editor in 0.44 ms, found 0 plugins.
Preloading 0 native plugins for Editor in 0.00 ms.
Mono: successfully reloaded assembly
- Completed reload, in  2.681 seconds
Platform modules already initialized, skipping
Switching build target platform(5) subTarget(0) extendedPlatform(0) -> platform(13) subTarget(537395200) extendedPlatform(0)
Refreshing native plugins compatible for Editor in 0.36 ms, found 0 plugins.
Preloading 0 native plugins for Editor in 0.00 ms.
Unloading 1120 Unused Serialized files (Serialized files now loaded: 0)
System memory in use before: 60.5 MB.
System memory in use after: 60.6 MB.

Unloading 5 unused Assets to reduce memory usage. Loaded Objects now: 1584.
Total: 5.939500 ms (FindLiveObjects: 1.574300 ms CreateObjectMapping: 0.161500 ms MarkObjects: 4.082200 ms  DeleteObjects: 0.117900 ms)

AssetImportParameters requested are different than current active one (requested -> active):
  custom:graphics/normal-map-encoding: 01000000000000000000000000000000 -> 02000000000000000000000000000000
========================================================================
Received Prepare
Registering precompiled user dll's ...
Registered in 0.001317 seconds.
Begin MonoManager ReloadAssembly
Native extension for WindowsStandalone target not found
Native extension for WebGL target not found
Refreshing native plugins compatible for Editor in 0.38 ms, found 0 plugins.
Preloading 0 native plugins for Editor in 0.00 ms.
Mono: successfully reloaded assembly
- Completed reload, in  2.273 seconds
Platform modules already initialized, skipping
Switching build target platform(5) subTarget(0) extendedPlatform(0) -> platform(13) subTarget(537395200) extendedPlatform(0)
Refreshing native plugins compatible for Editor in 0.33 ms, found 0 plugins.
Preloading 0 native plugins for Editor in 0.00 ms.
Unloading 1120 Unused Serialized files (Serialized files now loaded: 0)
System memory in use before: 60.5 MB.
System memory in use after: 60.6 MB.

Unloading 5 unused Assets to reduce memory usage. Loaded Objects now: 1587.
Total: 3.802400 ms (FindLiveObjects: 0.248800 ms CreateObjectMapping: 0.063000 ms MarkObjects: 3.394900 ms  DeleteObjects: 0.092200 ms)

AssetImportParameters requested are different than current active one (requested -> active):
  custom:graphics/normal-map-encoding: 01000000000000000000000000000000 -> 02000000000000000000000000000000
========================================================================
Received Prepare
Registering precompiled user dll's ...
Registered in 0.001983 seconds.
Begin MonoManager ReloadAssembly
Native extension for WindowsStandalone target not found
Native extension for WebGL target not found
Refreshing native plugins compatible for Editor in 0.53 ms, found 0 plugins.
Preloading 0 native plugins for Editor in 0.00 ms.
Mono: successfully reloaded assembly
- Completed reload, in  2.997 seconds
Platform modules already initialized, skipping
Switching build target platform(5) subTarget(0) extendedPlatform(0) -> platform(13) subTarget(537395200) extendedPlatform(0)
Refreshing native plugins compatible for Editor in 0.48 ms, found 0 plugins.
Preloading 0 native plugins for Editor in 0.00 ms.
Unloading 1120 Unused Serialized files (Serialized files now loaded: 0)
System memory in use before: 60.5 MB.
System memory in use after: 60.6 MB.

Unloading 5 unused Assets to reduce memory usage. Loaded Objects now: 1590.
Total: 4.418900 ms (FindLiveObjects: 0.316900 ms CreateObjectMapping: 0.193000 ms MarkObjects: 3.774300 ms  DeleteObjects: 0.131500 ms)

AssetImportParameters requested are different than current active one (requested -> active):
  custom:graphics/normal-map-encoding: 01000000000000000000000000000000 -> 02000000000000000000000000000000
========================================================================
Received Prepare
Registering precompiled user dll's ...
Registered in 0.001392 seconds.
Begin MonoManager ReloadAssembly
Native extension for WindowsStandalone target not found
Native extension for WebGL target not found
Refreshing native plugins compatible for Editor in 0.43 ms, found 0 plugins.
Preloading 0 native plugins for Editor in 0.00 ms.
Mono: successfully reloaded assembly
- Completed reload, in  2.712 seconds
Platform modules already initialized, skipping
Switching build target platform(5) subTarget(0) extendedPlatform(0) -> platform(13) subTarget(537395200) extendedPlatform(0)
Refreshing native plugins compatible for Editor in 0.53 ms, found 0 plugins.
Preloading 0 native plugins for Editor in 0.00 ms.
Unloading 1120 Unused Serialized files (Serialized files now loaded: 0)
System memory in use before: 60.5 MB.
System memory in use after: 60.6 MB.

Unloading 5 unused Assets to reduce memory usage. Loaded Objects now: 1593.
Total: 4.405200 ms (FindLiveObjects: 0.417300 ms CreateObjectMapping: 0.125400 ms MarkObjects: 3.642300 ms  DeleteObjects: 0.217200 ms)

AssetImportParameters requested are different than current active one (requested -> active):
  custom:graphics/normal-map-encoding: 01000000000000000000000000000000 -> 02000000000000000000000000000000
========================================================================
Received Prepare
Registering precompiled user dll's ...
Registered in 0.000839 seconds.
Begin MonoManager ReloadAssembly
Native extension for WindowsStandalone target not found
Native extension for WebGL target not found
Refreshing native plugins compatible for Editor in 1.09 ms, found 0 plugins.
Preloading 0 native plugins for Editor in 0.00 ms.
Mono: successfully reloaded assembly
- Completed reload, in  2.260 seconds
Platform modules already initialized, skipping
Switching build target platform(5) subTarget(0) extendedPlatform(0) -> platform(13) subTarget(537395200) extendedPlatform(0)
Refreshing native plugins compatible for Editor in 0.33 ms, found 0 plugins.
Preloading 0 native plugins for Editor in 0.00 ms.
Unloading 1120 Unused Serialized files (Serialized files now loaded: 0)
System memory in use before: 60.5 MB.
System memory in use after: 60.6 MB.

Unloading 5 unused Assets to reduce memory usage. Loaded Objects now: 1596.
Total: 4.762100 ms (FindLiveObjects: 0.278400 ms CreateObjectMapping: 0.073300 ms MarkObjects: 4.321500 ms  DeleteObjects: 0.085800 ms)

AssetImportParameters requested are different than current active one (requested -> active):
  custom:graphics/normal-map-encoding: 01000000000000000000000000000000 -> 02000000000000000000000000000000
========================================================================
Received Prepare
Registering precompiled user dll's ...
Registered in 0.001014 seconds.
Begin MonoManager ReloadAssembly
Native extension for WindowsStandalone target not found
Native extension for WebGL target not found
Refreshing native plugins compatible for Editor in 0.58 ms, found 0 plugins.
Preloading 0 native plugins for Editor in 0.00 ms.
Mono: successfully reloaded assembly
- Completed reload, in  3.045 seconds
Platform modules already initialized, skipping
Switching build target platform(5) subTarget(0) extendedPlatform(0) -> platform(13) subTarget(537395200) extendedPlatform(0)
Refreshing native plugins compatible for Editor in 0.37 ms, found 0 plugins.
Preloading 0 native plugins for Editor in 0.00 ms.
Unloading 1120 Unused Serialized files (Serialized files now loaded: 0)
System memory in use before: 60.5 MB.
System memory in use after: 60.6 MB.

Unloading 5 unused Assets to reduce memory usage. Loaded Objects now: 1599.
Total: 4.639900 ms (FindLiveObjects: 0.275600 ms CreateObjectMapping: 0.094900 ms MarkObjects: 4.142400 ms  DeleteObjects: 0.123900 ms)

AssetImportParameters requested are different than current active one (requested -> active):
  custom:graphics/normal-map-encoding: 01000000000000000000000000000000 -> 02000000000000000000000000000000
========================================================================
Received Prepare
Registering precompiled user dll's ...
Registered in 0.000977 seconds.
Begin MonoManager ReloadAssembly
Native extension for WindowsStandalone target not found
Native extension for WebGL target not found
Refreshing native plugins compatible for Editor in 0.32 ms, found 0 plugins.
Preloading 0 native plugins for Editor in 0.00 ms.
Mono: successfully reloaded assembly
- Completed reload, in  2.352 seconds
Platform modules already initialized, skipping
Switching build target platform(5) subTarget(0) extendedPlatform(0) -> platform(13) subTarget(537395200) extendedPlatform(0)
Refreshing native plugins compatible for Editor in 0.42 ms, found 0 plugins.
Preloading 0 native plugins for Editor in 0.00 ms.
Unloading 1120 Unused Serialized files (Serialized files now loaded: 0)
System memory in use before: 60.6 MB.
System memory in use after: 60.6 MB.

Unloading 5 unused Assets to reduce memory usage. Loaded Objects now: 1602.
Total: 3.650700 ms (FindLiveObjects: 0.548700 ms CreateObjectMapping: 0.108700 ms MarkObjects: 2.906900 ms  DeleteObjects: 0.084000 ms)

AssetImportParameters requested are different than current active one (requested -> active):
  custom:graphics/normal-map-encoding: 01000000000000000000000000000000 -> 02000000000000000000000000000000
========================================================================
Received Prepare
Registering precompiled user dll's ...
Registered in 0.001098 seconds.
Begin MonoManager ReloadAssembly
Native extension for WindowsStandalone target not found
Native extension for WebGL target not found
Refreshing native plugins compatible for Editor in 0.53 ms, found 0 plugins.
Preloading 0 native plugins for Editor in 0.00 ms.
Mono: successfully reloaded assembly
- Completed reload, in  3.053 seconds
Platform modules already initialized, skipping
Switching build target platform(5) subTarget(0) extendedPlatform(0) -> platform(13) subTarget(537395200) extendedPlatform(0)
Refreshing native plugins compatible for Editor in 0.53 ms, found 0 plugins.
Preloading 0 native plugins for Editor in 0.00 ms.
Unloading 1120 Unused Serialized files (Serialized files now loaded: 0)
System memory in use before: 60.6 MB.
System memory in use after: 60.6 MB.

Unloading 5 unused Assets to reduce memory usage. Loaded Objects now: 1605.
Total: 4.325700 ms (FindLiveObjects: 0.318400 ms CreateObjectMapping: 0.078500 ms MarkObjects: 3.807500 ms  DeleteObjects: 0.118500 ms)

AssetImportParameters requested are different than current active one (requested -> active):
  custom:graphics/normal-map-encoding: 01000000000000000000000000000000 -> 02000000000000000000000000000000
========================================================================
Received Import Request.
  Time since last request: 1638.884441 seconds.
  path: Assets/Prefab/Item.prefab
  artifactKey: Guid(5d05efda609a33d48a01f786a2455cd4) Importer(815301076,1909f56bfc062723c751e8b465ee728b)
Start importing Assets/Prefab/Item.prefab using Guid(5d05efda609a33d48a01f786a2455cd4) Importer(815301076,1909f56bfc062723c751e8b465ee728b)  -> (artifact id: 'ac2aa6a73e79202542de9a0e4f078a4d') in 0.165963 seconds
  Import took 0.179645 seconds .

========================================================================
Received Prepare
Registering precompiled user dll's ...
Registered in 0.001744 seconds.
Begin MonoManager ReloadAssembly
Native extension for WindowsStandalone target not found
Native extension for WebGL target not found
Refreshing native plugins compatible for Editor in 0.35 ms, found 0 plugins.
Preloading 0 native plugins for Editor in 0.00 ms.
Mono: successfully reloaded assembly
- Completed reload, in  2.706 seconds
Platform modules already initialized, skipping
Switching build target platform(5) subTarget(0) extendedPlatform(0) -> platform(13) subTarget(537395200) extendedPlatform(0)
Refreshing native plugins compatible for Editor in 0.33 ms, found 0 plugins.
Preloading 0 native plugins for Editor in 0.00 ms.
Unloading 1120 Unused Serialized files (Serialized files now loaded: 0)
System memory in use before: 60.6 MB.
System memory in use after: 60.6 MB.

Unloading 5 unused Assets to reduce memory usage. Loaded Objects now: 1608.
Total: 3.800100 ms (FindLiveObjects: 0.538200 ms CreateObjectMapping: 0.145600 ms MarkObjects: 3.023000 ms  DeleteObjects: 0.090400 ms)

AssetImportParameters requested are different than current active one (requested -> active):
  custom:graphics/normal-map-encoding: 01000000000000000000000000000000 -> 02000000000000000000000000000000
========================================================================
Received Prepare
Registering precompiled user dll's ...
Registered in 0.001431 seconds.
Begin MonoManager ReloadAssembly
Native extension for WindowsStandalone target not found
Native extension for WebGL target not found
Refreshing native plugins compatible for Editor in 0.36 ms, found 0 plugins.
Preloading 0 native plugins for Editor in 0.00 ms.
Mono: successfully reloaded assembly
- Completed reload, in  2.926 seconds
Platform modules already initialized, skipping
Switching build target platform(5) subTarget(0) extendedPlatform(0) -> platform(13) subTarget(537395200) extendedPlatform(0)
Refreshing native plugins compatible for Editor in 0.33 ms, found 0 plugins.
Preloading 0 native plugins for Editor in 0.00 ms.
Unloading 1120 Unused Serialized files (Serialized files now loaded: 0)
System memory in use before: 60.6 MB.
System memory in use after: 60.6 MB.

Unloading 5 unused Assets to reduce memory usage. Loaded Objects now: 1611.
Total: 3.699300 ms (FindLiveObjects: 0.409500 ms CreateObjectMapping: 0.113700 ms MarkObjects: 3.074700 ms  DeleteObjects: 0.098400 ms)

AssetImportParameters requested are different than current active one (requested -> active):
  custom:graphics/normal-map-encoding: 01000000000000000000000000000000 -> 02000000000000000000000000000000
========================================================================
Received Import Request.
  Time since last request: 203.212071 seconds.
  path: Assets/Scripts/ResponseReceiver.cs
  artifactKey: Guid(09d898485b1874a48a06a0faa1286011) Importer(815301076,1909f56bfc062723c751e8b465ee728b)
Start importing Assets/Scripts/ResponseReceiver.cs using Guid(09d898485b1874a48a06a0faa1286011) Importer(815301076,1909f56bfc062723c751e8b465ee728b)  -> (artifact id: '9ec0047700153198f6c18e46aa3a2595') in 0.043687 seconds
  Import took 0.049404 seconds .

========================================================================
Received Import Request.
  Time since last request: 24.533461 seconds.
  path: Assets/Scripts/ClickButton.cs
  artifactKey: Guid(233ff5c30419c1844a3b40624e0ed799) Importer(815301076,1909f56bfc062723c751e8b465ee728b)
Start importing Assets/Scripts/ClickButton.cs using Guid(233ff5c30419c1844a3b40624e0ed799) Importer(815301076,1909f56bfc062723c751e8b465ee728b)  -> (artifact id: 'fb973ecc513f13e179544578c541cac1') in 0.095289 seconds
  Import took 0.104600 seconds .

========================================================================
Received Prepare
Registering precompiled user dll's ...
Registered in 0.001041 seconds.
Begin MonoManager ReloadAssembly
Native extension for WindowsStandalone target not found
Native extension for WebGL target not found
Refreshing native plugins compatible for Editor in 0.53 ms, found 0 plugins.
Preloading 0 native plugins for Editor in 0.00 ms.
Mono: successfully reloaded assembly
- Completed reload, in  2.706 seconds
Platform modules already initialized, skipping
Switching build target platform(5) subTarget(0) extendedPlatform(0) -> platform(13) subTarget(537395200) extendedPlatform(0)
Refreshing native plugins compatible for Editor in 1.51 ms, found 0 plugins.
Preloading 0 native plugins for Editor in 0.00 ms.
Unloading 1121 Unused Serialized files (Serialized files now loaded: 0)
System memory in use before: 60.6 MB.
System memory in use after: 60.7 MB.

Unloading 5 unused Assets to reduce memory usage. Loaded Objects now: 1615.
Total: 3.659100 ms (FindLiveObjects: 0.323700 ms CreateObjectMapping: 0.117000 ms MarkObjects: 3.126900 ms  DeleteObjects: 0.088700 ms)

AssetImportParameters requested are different than current active one (requested -> active):
  custom:graphics/normal-map-encoding: 01000000000000000000000000000000 -> 02000000000000000000000000000000
========================================================================
Received Import Request.
  Time since last request: 9.248005 seconds.
  path: Assets/Scripts/Controller.cs
  artifactKey: Guid(89ad83e713997504ea496d589f3f9cea) Importer(815301076,1909f56bfc062723c751e8b465ee728b)
Start importing Assets/Scripts/Controller.cs using Guid(89ad83e713997504ea496d589f3f9cea) Importer(815301076,1909f56bfc062723c751e8b465ee728b)  -> (artifact id: '47d740ff771f51573bf91879ac12d9e8') in 0.015136 seconds
  Import took 0.021702 seconds .

========================================================================
Received Prepare
Registering precompiled user dll's ...
Registered in 0.001468 seconds.
Begin MonoManager ReloadAssembly
Native extension for WindowsStandalone target not found
Native extension for WebGL target not found
Refreshing native plugins compatible for Editor in 0.35 ms, found 0 plugins.
Preloading 0 native plugins for Editor in 0.00 ms.
Mono: successfully reloaded assembly
- Completed reload, in  3.047 seconds
Platform modules already initialized, skipping
Switching build target platform(5) subTarget(0) extendedPlatform(0) -> platform(13) subTarget(537395200) extendedPlatform(0)
Refreshing native plugins compatible for Editor in 0.64 ms, found 0 plugins.
Preloading 0 native plugins for Editor in 0.00 ms.
Unloading 1121 Unused Serialized files (Serialized files now loaded: 0)
System memory in use before: 60.6 MB.
System memory in use after: 60.7 MB.

Unloading 5 unused Assets to reduce memory usage. Loaded Objects now: 1618.
Total: 4.796400 ms (FindLiveObjects: 0.405100 ms CreateObjectMapping: 0.367300 ms MarkObjects: 3.900200 ms  DeleteObjects: 0.120200 ms)

AssetImportParameters requested are different than current active one (requested -> active):
  custom:graphics/normal-map-encoding: 01000000000000000000000000000000 -> 02000000000000000000000000000000
========================================================================
Received Import Request.
  Time since last request: 285.762463 seconds.
  path: Assets/Scripts/ClickButton.cs
  artifactKey: Guid(233ff5c30419c1844a3b40624e0ed799) Importer(815301076,1909f56bfc062723c751e8b465ee728b)
Start importing Assets/Scripts/ClickButton.cs using Guid(233ff5c30419c1844a3b40624e0ed799) Importer(815301076,1909f56bfc062723c751e8b465ee728b)  -> (artifact id: '2792b908083f2207e5d18e9500bcb48f') in 0.065622 seconds
  Import took 0.081036 seconds .

========================================================================
Received Prepare
Registering precompiled user dll's ...
Registered in 0.000921 seconds.
Begin MonoManager ReloadAssembly
Native extension for WindowsStandalone target not found
Native extension for WebGL target not found
Refreshing native plugins compatible for Editor in 0.41 ms, found 0 plugins.
Preloading 0 native plugins for Editor in 0.00 ms.
Mono: successfully reloaded assembly
- Completed reload, in  3.182 seconds
Platform modules already initialized, skipping
Switching build target platform(5) subTarget(0) extendedPlatform(0) -> platform(13) subTarget(537395200) extendedPlatform(0)
Refreshing native plugins compatible for Editor in 0.34 ms, found 0 plugins.
Preloading 0 native plugins for Editor in 0.00 ms.
Unloading 1121 Unused Serialized files (Serialized files now loaded: 0)
System memory in use before: 60.6 MB.
System memory in use after: 60.7 MB.

Unloading 5 unused Assets to reduce memory usage. Loaded Objects now: 1621.
Total: 4.221600 ms (FindLiveObjects: 0.352000 ms CreateObjectMapping: 0.106500 ms MarkObjects: 3.661100 ms  DeleteObjects: 0.099400 ms)

AssetImportParameters requested are different than current active one (requested -> active):
  custom:graphics/normal-map-encoding: 01000000000000000000000000000000 -> 02000000000000000000000000000000
========================================================================
Received Import Request.
  Time since last request: 81.321265 seconds.
  path: Assets/Scripts/ClickButton.cs
  artifactKey: Guid(233ff5c30419c1844a3b40624e0ed799) Importer(815301076,1909f56bfc062723c751e8b465ee728b)
Start importing Assets/Scripts/ClickButton.cs using Guid(233ff5c30419c1844a3b40624e0ed799) Importer(815301076,1909f56bfc062723c751e8b465ee728b)  -> (artifact id: '1d8afb48ec88a231b41755bd4692a9d4') in 0.010620 seconds
  Import took 0.017488 seconds .

========================================================================
Received Import Request.
  Time since last request: 32.314435 seconds.
  path: Assets/Prefab/Item.prefab
  artifactKey: Guid(5d05efda609a33d48a01f786a2455cd4) Importer(815301076,1909f56bfc062723c751e8b465ee728b)
Start importing Assets/Prefab/Item.prefab using Guid(5d05efda609a33d48a01f786a2455cd4) Importer(815301076,1909f56bfc062723c751e8b465ee728b)  -> (artifact id: '5ac15e672892d953b7299a83cddc0d05') in 0.147014 seconds
  Import took 0.153632 seconds .

========================================================================
Received Import Request.
  Time since last request: 0.096379 seconds.
  path: Assets/Prefab/Item.prefab
  artifactKey: Guid(5d05efda609a33d48a01f786a2455cd4) Importer(815301076,1909f56bfc062723c751e8b465ee728b)
Start importing Assets/Prefab/Item.prefab using Guid(5d05efda609a33d48a01f786a2455cd4) Importer(815301076,1909f56bfc062723c751e8b465ee728b)  -> (artifact id: '5ac15e672892d953b7299a83cddc0d05') in 0.025036 seconds
  Import took 0.036894 seconds .

========================================================================
Received Prepare
Registering precompiled user dll's ...
Registered in 0.001716 seconds.
Begin MonoManager ReloadAssembly
Native extension for WindowsStandalone target not found
Native extension for WebGL target not found
Refreshing native plugins compatible for Editor in 0.42 ms, found 0 plugins.
Preloading 0 native plugins for Editor in 0.00 ms.
Mono: successfully reloaded assembly
- Completed reload, in  2.575 seconds
Platform modules already initialized, skipping
Switching build target platform(5) subTarget(0) extendedPlatform(0) -> platform(13) subTarget(537395200) extendedPlatform(0)
Refreshing native plugins compatible for Editor in 0.37 ms, found 0 plugins.
Preloading 0 native plugins for Editor in 0.00 ms.
Unloading 1121 Unused Serialized files (Serialized files now loaded: 0)
System memory in use before: 60.6 MB.
System memory in use after: 60.7 MB.

Unloading 5 unused Assets to reduce memory usage. Loaded Objects now: 1624.
Total: 3.786600 ms (FindLiveObjects: 0.371700 ms CreateObjectMapping: 0.063400 ms MarkObjects: 3.254600 ms  DeleteObjects: 0.093200 ms)

AssetImportParameters requested are different than current active one (requested -> active):
  custom:graphics/normal-map-encoding: 01000000000000000000000000000000 -> 02000000000000000000000000000000
========================================================================
Received Import Request.
  Time since last request: 39.135824 seconds.
  path: Assets/Prefab/Item.prefab
  artifactKey: Guid(5d05efda609a33d48a01f786a2455cd4) Importer(815301076,1909f56bfc062723c751e8b465ee728b)
Start importing Assets/Prefab/Item.prefab using Guid(5d05efda609a33d48a01f786a2455cd4) Importer(815301076,1909f56bfc062723c751e8b465ee728b)  -> (artifact id: 'd02086d7d43745bc7572ad6ba5bc226c') in 0.159837 seconds
  Import took 0.165529 seconds .

========================================================================
Received Import Request.
  Time since last request: 6.239266 seconds.
  path: Assets/Prefab/Item.prefab
  artifactKey: Guid(5d05efda609a33d48a01f786a2455cd4) Importer(815301076,1909f56bfc062723c751e8b465ee728b)
Start importing Assets/Prefab/Item.prefab using Guid(5d05efda609a33d48a01f786a2455cd4) Importer(815301076,1909f56bfc062723c751e8b465ee728b)  -> (artifact id: '0c8088fa1602de2b7348f87a793a4206') in 0.009015 seconds
  Import took 0.018869 seconds .

========================================================================
Received Import Request.
  Time since last request: 8.467449 seconds.
  path: Assets/Prefab/Item.prefab
  artifactKey: Guid(5d05efda609a33d48a01f786a2455cd4) Importer(815301076,1909f56bfc062723c751e8b465ee728b)
Start importing Assets/Prefab/Item.prefab using Guid(5d05efda609a33d48a01f786a2455cd4) Importer(815301076,1909f56bfc062723c751e8b465ee728b)  -> (artifact id: 'cf6754dcf9c98772bfb77b22dc45a3f9') in 0.011776 seconds
  Import took 0.019599 seconds .

========================================================================
Received Prepare
Registering precompiled user dll's ...
Registered in 0.001326 seconds.
Begin MonoManager ReloadAssembly
Native extension for WindowsStandalone target not found
Native extension for WebGL target not found
Refreshing native plugins compatible for Editor in 0.42 ms, found 0 plugins.
Preloading 0 native plugins for Editor in 0.00 ms.
Mono: successfully reloaded assembly
- Completed reload, in  2.279 seconds
Platform modules already initialized, skipping
Switching build target platform(5) subTarget(0) extendedPlatform(0) -> platform(13) subTarget(537395200) extendedPlatform(0)
Refreshing native plugins compatible for Editor in 0.25 ms, found 0 plugins.
Preloading 0 native plugins for Editor in 0.00 ms.
Unloading 1121 Unused Serialized files (Serialized files now loaded: 0)
System memory in use before: 60.6 MB.
System memory in use after: 60.7 MB.

Unloading 5 unused Assets to reduce memory usage. Loaded Objects now: 1627.
Total: 3.786200 ms (FindLiveObjects: 0.281300 ms CreateObjectMapping: 0.086800 ms MarkObjects: 3.329700 ms  DeleteObjects: 0.086600 ms)

AssetImportParameters requested are different than current active one (requested -> active):
  custom:graphics/normal-map-encoding: 01000000000000000000000000000000 -> 02000000000000000000000000000000
========================================================================
Received Prepare
Registering precompiled user dll's ...
Registered in 0.001258 seconds.
Begin MonoManager ReloadAssembly
Native extension for WindowsStandalone target not found
Native extension for WebGL target not found
Refreshing native plugins compatible for Editor in 0.27 ms, found 0 plugins.
Preloading 0 native plugins for Editor in 0.00 ms.
Mono: successfully reloaded assembly
- Completed reload, in  2.175 seconds
Platform modules already initialized, skipping
Switching build target platform(5) subTarget(0) extendedPlatform(0) -> platform(13) subTarget(537395200) extendedPlatform(0)
Refreshing native plugins compatible for Editor in 0.40 ms, found 0 plugins.
Preloading 0 native plugins for Editor in 0.00 ms.
Unloading 1121 Unused Serialized files (Serialized files now loaded: 0)
System memory in use before: 60.7 MB.
System memory in use after: 60.7 MB.

Unloading 5 unused Assets to reduce memory usage. Loaded Objects now: 1630.
Total: 3.389600 ms (FindLiveObjects: 0.571100 ms CreateObjectMapping: 0.068100 ms MarkObjects: 2.675300 ms  DeleteObjects: 0.072500 ms)

AssetImportParameters requested are different than current active one (requested -> active):
  custom:graphics/normal-map-encoding: 01000000000000000000000000000000 -> 02000000000000000000000000000000
========================================================================
Received Prepare
Registering precompiled user dll's ...
Registered in 0.001267 seconds.
Begin MonoManager ReloadAssembly
Native extension for WindowsStandalone target not found
Native extension for WebGL target not found
Refreshing native plugins compatible for Editor in 0.41 ms, found 0 plugins.
Preloading 0 native plugins for Editor in 0.00 ms.
Mono: successfully reloaded assembly
- Completed reload, in  2.156 seconds
Platform modules already initialized, skipping
Switching build target platform(5) subTarget(0) extendedPlatform(0) -> platform(13) subTarget(537395200) extendedPlatform(0)
Refreshing native plugins compatible for Editor in 0.42 ms, found 0 plugins.
Preloading 0 native plugins for Editor in 0.00 ms.
Unloading 1121 Unused Serialized files (Serialized files now loaded: 0)
System memory in use before: 60.7 MB.
System memory in use after: 60.7 MB.

Unloading 5 unused Assets to reduce memory usage. Loaded Objects now: 1633.
Total: 5.886300 ms (FindLiveObjects: 0.424700 ms CreateObjectMapping: 0.096000 ms MarkObjects: 5.208600 ms  DeleteObjects: 0.153500 ms)

AssetImportParameters requested are different than current active one (requested -> active):
  custom:graphics/normal-map-encoding: 01000000000000000000000000000000 -> 02000000000000000000000000000000
========================================================================
Received Prepare
Registering precompiled user dll's ...
Registered in 0.000822 seconds.
Begin MonoManager ReloadAssembly
Native extension for WindowsStandalone target not found
Native extension for WebGL target not found
Refreshing native plugins compatible for Editor in 0.34 ms, found 0 plugins.
Preloading 0 native plugins for Editor in 0.00 ms.
Mono: successfully reloaded assembly
- Completed reload, in  2.512 seconds
Platform modules already initialized, skipping
Switching build target platform(5) subTarget(0) extendedPlatform(0) -> platform(13) subTarget(537395200) extendedPlatform(0)
Refreshing native plugins compatible for Editor in 0.30 ms, found 0 plugins.
Preloading 0 native plugins for Editor in 0.00 ms.
Unloading 1121 Unused Serialized files (Serialized files now loaded: 0)
System memory in use before: 60.7 MB.
System memory in use after: 60.7 MB.

Unloading 5 unused Assets to reduce memory usage. Loaded Objects now: 1636.
Total: 4.110100 ms (FindLiveObjects: 0.346400 ms CreateObjectMapping: 0.110700 ms MarkObjects: 3.560200 ms  DeleteObjects: 0.090400 ms)

AssetImportParameters requested are different than current active one (requested -> active):
  custom:graphics/normal-map-encoding: 01000000000000000000000000000000 -> 02000000000000000000000000000000
========================================================================
Received Prepare
Registering precompiled user dll's ...
Registered in 0.001209 seconds.
Begin MonoManager ReloadAssembly
Native extension for WindowsStandalone target not found
Native extension for WebGL target not found
Refreshing native plugins compatible for Editor in 0.35 ms, found 0 plugins.
Preloading 0 native plugins for Editor in 0.00 ms.
Mono: successfully reloaded assembly
- Completed reload, in  2.383 seconds
Platform modules already initialized, skipping
Switching build target platform(5) subTarget(0) extendedPlatform(0) -> platform(13) subTarget(537395200) extendedPlatform(0)
Refreshing native plugins compatible for Editor in 0.40 ms, found 0 plugins.
Preloading 0 native plugins for Editor in 0.00 ms.
Unloading 1121 Unused Serialized files (Serialized files now loaded: 0)
System memory in use before: 60.7 MB.
System memory in use after: 60.7 MB.

Unloading 5 unused Assets to reduce memory usage. Loaded Objects now: 1639.
Total: 3.467600 ms (FindLiveObjects: 1.042400 ms CreateObjectMapping: 0.341900 ms MarkObjects: 2.003600 ms  DeleteObjects: 0.076900 ms)

AssetImportParameters requested are different than current active one (requested -> active):
  custom:graphics/normal-map-encoding: 01000000000000000000000000000000 -> 02000000000000000000000000000000
========================================================================
Received Import Request.
  Time since last request: 849.822703 seconds.
  path: Assets/Sourсe/Apricot.png
  artifactKey: Guid(e873c1271d995e94caa75af492179892) Importer(815301076,1909f56bfc062723c751e8b465ee728b)
Start importing Assets/Sourсe/Apricot.png using Guid(e873c1271d995e94caa75af492179892) Importer(815301076,1909f56bfc062723c751e8b465ee728b)  -> (artifact id: '326054c626718cd7426376120c6a11c0') in 0.304449 seconds
  Import took 0.312565 seconds .

========================================================================
Received Import Request.
  Time since last request: 1.901476 seconds.
  path: Assets/Sourсe/Apple.png
  artifactKey: Guid(7b44fea1861af894f89f9042400ccda1) Importer(815301076,1909f56bfc062723c751e8b465ee728b)
Start importing Assets/Sourсe/Apple.png using Guid(7b44fea1861af894f89f9042400ccda1) Importer(815301076,1909f56bfc062723c751e8b465ee728b)  -> (artifact id: '8f0141076d4859e73e4d2acecd99ba7f') in 0.121355 seconds
  Import took 0.129580 seconds .

========================================================================
Received Prepare
Registering precompiled user dll's ...
Registered in 0.004357 seconds.
Begin MonoManager ReloadAssembly
Native extension for WindowsStandalone target not found
Native extension for WebGL target not found
Refreshing native plugins compatible for Editor in 1.08 ms, found 0 plugins.
Preloading 0 native plugins for Editor in 0.00 ms.
Mono: successfully reloaded assembly
- Completed reload, in  2.783 seconds
Platform modules already initialized, skipping
Switching build target platform(5) subTarget(0) extendedPlatform(0) -> platform(13) subTarget(537395200) extendedPlatform(0)
Refreshing native plugins compatible for Editor in 0.42 ms, found 0 plugins.
Preloading 0 native plugins for Editor in 0.00 ms.
Unloading 1121 Unused Serialized files (Serialized files now loaded: 0)
System memory in use before: 60.7 MB.
System memory in use after: 60.8 MB.

Unloading 5 unused Assets to reduce memory usage. Loaded Objects now: 1647.
Total: 2.595200 ms (FindLiveObjects: 0.286600 ms CreateObjectMapping: 0.126100 ms MarkObjects: 2.058900 ms  DeleteObjects: 0.121300 ms)

AssetImportParameters requested are different than current active one (requested -> active):
  custom:graphics/normal-map-encoding: 01000000000000000000000000000000 -> 02000000000000000000000000000000
========================================================================
Received Prepare
Registering precompiled user dll's ...
Registered in 0.191389 seconds.
Begin MonoManager ReloadAssembly
Native extension for WindowsStandalone target not found
Native extension for WebGL target not found
Refreshing native plugins compatible for Editor in 0.28 ms, found 0 plugins.
Preloading 0 native plugins for Editor in 0.00 ms.
Mono: successfully reloaded assembly
- Completed reload, in  5.080 seconds
Platform modules already initialized, skipping
Switching build target platform(5) subTarget(0) extendedPlatform(0) -> platform(13) subTarget(537395200) extendedPlatform(0)
Refreshing native plugins compatible for Editor in 0.41 ms, found 0 plugins.
Preloading 0 native plugins for Editor in 0.00 ms.
Unloading 1121 Unused Serialized files (Serialized files now loaded: 0)
System memory in use before: 60.7 MB.
System memory in use after: 60.8 MB.

Unloading 5 unused Assets to reduce memory usage. Loaded Objects now: 1650.
Total: 7.438500 ms (FindLiveObjects: 0.781100 ms CreateObjectMapping: 0.118600 ms MarkObjects: 5.445700 ms  DeleteObjects: 1.087600 ms)

AssetImportParameters requested are different than current active one (requested -> active):
  custom:graphics/normal-map-encoding: 01000000000000000000000000000000 -> 02000000000000000000000000000000
========================================================================
Received Prepare
Registering precompiled user dll's ...
Registered in 0.000670 seconds.
Begin MonoManager ReloadAssembly
Native extension for WindowsStandalone target not found
Native extension for WebGL target not found
Refreshing native plugins compatible for Editor in 0.21 ms, found 0 plugins.
Preloading 0 native plugins for Editor in 0.00 ms.
Mono: successfully reloaded assembly
- Completed reload, in  1.444 seconds
Platform modules already initialized, skipping
Switching build target platform(5) subTarget(0) extendedPlatform(0) -> platform(13) subTarget(537395200) extendedPlatform(0)
Refreshing native plugins compatible for Editor in 0.22 ms, found 0 plugins.
Preloading 0 native plugins for Editor in 0.00 ms.
Unloading 1121 Unused Serialized files (Serialized files now loaded: 0)
System memory in use before: 60.7 MB.
System memory in use after: 60.8 MB.

Unloading 5 unused Assets to reduce memory usage. Loaded Objects now: 1653.
Total: 2.589400 ms (FindLiveObjects: 0.313900 ms CreateObjectMapping: 0.079600 ms MarkObjects: 2.049400 ms  DeleteObjects: 0.145000 ms)

AssetImportParameters requested are different than current active one (requested -> active):
  custom:graphics/normal-map-encoding: 01000000000000000000000000000000 -> 02000000000000000000000000000000
========================================================================
Received Import Request.
  Time since last request: 236354.428229 seconds.
  path: Assets/Sourсe/settings.png
  artifactKey: Guid(6829ec7bbb2f6bf43b7793a211589dd3) Importer(815301076,1909f56bfc062723c751e8b465ee728b)
Start importing Assets/Sourсe/settings.png using Guid(6829ec7bbb2f6bf43b7793a211589dd3) Importer(815301076,1909f56bfc062723c751e8b465ee728b)  -> (artifact id: '74cfd410053d05c115e23e9a3ec56c60') in 0.079170 seconds
  Import took 0.083102 seconds .

========================================================================
Received Import Request.
  Time since last request: 0.012198 seconds.
  path: Assets/Sourсe/settings.png
  artifactKey: Guid(6829ec7bbb2f6bf43b7793a211589dd3) Importer(815301076,1909f56bfc062723c751e8b465ee728b)
Start importing Assets/Sourсe/settings.png using Guid(6829ec7bbb2f6bf43b7793a211589dd3) Importer(815301076,1909f56bfc062723c751e8b465ee728b)  -> (artifact id: '74cfd410053d05c115e23e9a3ec56c60') in 0.049038 seconds
  Import took 0.052366 seconds .

========================================================================
Received Import Request.
  Time since last request: 4.139576 seconds.
  path: Assets/Sourсe/settings.png
  artifactKey: Guid(6829ec7bbb2f6bf43b7793a211589dd3) Importer(815301076,1909f56bfc062723c751e8b465ee728b)
Start importing Assets/Sourсe/settings.png using Guid(6829ec7bbb2f6bf43b7793a211589dd3) Importer(815301076,1909f56bfc062723c751e8b465ee728b)  -> (artifact id: '1ff0a7be996f6cfe1e1a8d1cb875d112') in 0.081499 seconds
  Import took 0.085653 seconds .

========================================================================
Received Import Request.
  Time since last request: 121.594140 seconds.
  path: Assets/Sourсe/Settings.png
  artifactKey: Guid(6829ec7bbb2f6bf43b7793a211589dd3) Importer(815301076,1909f56bfc062723c751e8b465ee728b)
Start importing Assets/Sourсe/Settings.png using Guid(6829ec7bbb2f6bf43b7793a211589dd3) Importer(815301076,1909f56bfc062723c751e8b465ee728b)  -> (artifact id: 'd4cc4b4b95491d659b9e79842c46a860') in 0.083190 seconds
  Import took 0.088034 seconds .

========================================================================
Received Import Request.
  Time since last request: 6.663806 seconds.
  path: Assets/Sourсe/Settings.png
  artifactKey: Guid(6829ec7bbb2f6bf43b7793a211589dd3) Importer(815301076,1909f56bfc062723c751e8b465ee728b)
Start importing Assets/Sourсe/Settings.png using Guid(6829ec7bbb2f6bf43b7793a211589dd3) Importer(815301076,1909f56bfc062723c751e8b465ee728b)  -> (artifact id: '35107c039a5f42d7153ed515d1da4ef7') in 0.032542 seconds
  Import took 0.037036 seconds .

========================================================================
Received Prepare
Registering precompiled user dll's ...
Registered in 0.000991 seconds.
Begin MonoManager ReloadAssembly
Native extension for WindowsStandalone target not found
Native extension for WebGL target not found
Refreshing native plugins compatible for Editor in 0.39 ms, found 0 plugins.
Preloading 0 native plugins for Editor in 0.00 ms.
Mono: successfully reloaded assembly
- Completed reload, in  3.699 seconds
Platform modules already initialized, skipping
Switching build target platform(5) subTarget(0) extendedPlatform(0) -> platform(13) subTarget(537395200) extendedPlatform(0)
Refreshing native plugins compatible for Editor in 0.34 ms, found 0 plugins.
Preloading 0 native plugins for Editor in 0.00 ms.
Unloading 1122 Unused Serialized files (Serialized files now loaded: 0)
System memory in use before: 60.7 MB.
System memory in use after: 60.8 MB.

Unloading 5 unused Assets to reduce memory usage. Loaded Objects now: 1660.
Total: 5.547000 ms (FindLiveObjects: 3.140000 ms CreateObjectMapping: 0.143200 ms MarkObjects: 2.136700 ms  DeleteObjects: 0.104700 ms)

AssetImportParameters requested are different than current active one (requested -> active):
  custom:graphics/normal-map-encoding: 01000000000000000000000000000000 -> 02000000000000000000000000000000
========================================================================
Received Prepare
Registering precompiled user dll's ...
Registered in 0.000921 seconds.
Begin MonoManager ReloadAssembly
Native extension for WindowsStandalone target not found
Native extension for WebGL target not found
Refreshing native plugins compatible for Editor in 0.34 ms, found 0 plugins.
Preloading 0 native plugins for Editor in 0.00 ms.
Mono: successfully reloaded assembly
- Completed reload, in  1.703 seconds
Platform modules already initialized, skipping
Switching build target platform(5) subTarget(0) extendedPlatform(0) -> platform(13) subTarget(537395200) extendedPlatform(0)
Refreshing native plugins compatible for Editor in 0.36 ms, found 0 plugins.
Preloading 0 native plugins for Editor in 0.00 ms.
Unloading 1122 Unused Serialized files (Serialized files now loaded: 0)
System memory in use before: 60.7 MB.
System memory in use after: 60.8 MB.

Unloading 5 unused Assets to reduce memory usage. Loaded Objects now: 1663.
Total: 2.746700 ms (FindLiveObjects: 0.204200 ms CreateObjectMapping: 0.312100 ms MarkObjects: 2.157200 ms  DeleteObjects: 0.070900 ms)

AssetImportParameters requested are different than current active one (requested -> active):
  custom:graphics/normal-map-encoding: 01000000000000000000000000000000 -> 02000000000000000000000000000000
========================================================================
Received Prepare
Registering precompiled user dll's ...
Registered in 0.000648 seconds.
Begin MonoManager ReloadAssembly
Native extension for WindowsStandalone target not found
Native extension for WebGL target not found
Refreshing native plugins compatible for Editor in 0.23 ms, found 0 plugins.
Preloading 0 native plugins for Editor in 0.00 ms.
Mono: successfully reloaded assembly
- Completed reload, in  1.555 seconds
Platform modules already initialized, skipping
Switching build target platform(5) subTarget(0) extendedPlatform(0) -> platform(13) subTarget(537395200) extendedPlatform(0)
Refreshing native plugins compatible for Editor in 0.22 ms, found 0 plugins.
Preloading 0 native plugins for Editor in 0.00 ms.
Unloading 1122 Unused Serialized files (Serialized files now loaded: 0)
System memory in use before: 60.7 MB.
System memory in use after: 60.8 MB.

Unloading 5 unused Assets to reduce memory usage. Loaded Objects now: 1666.
Total: 2.223400 ms (FindLiveObjects: 0.309100 ms CreateObjectMapping: 0.070100 ms MarkObjects: 1.770400 ms  DeleteObjects: 0.072300 ms)

AssetImportParameters requested are different than current active one (requested -> active):
  custom:graphics/normal-map-encoding: 01000000000000000000000000000000 -> 02000000000000000000000000000000
========================================================================
Received Prepare
Registering precompiled user dll's ...
Registered in 0.001111 seconds.
Begin MonoManager ReloadAssembly
Native extension for WindowsStandalone target not found
Native extension for WebGL target not found
Refreshing native plugins compatible for Editor in 0.33 ms, found 0 plugins.
Preloading 0 native plugins for Editor in 0.00 ms.
Mono: successfully reloaded assembly
- Completed reload, in  1.644 seconds
Platform modules already initialized, skipping
Switching build target platform(5) subTarget(0) extendedPlatform(0) -> platform(13) subTarget(537395200) extendedPlatform(0)
Refreshing native plugins compatible for Editor in 0.22 ms, found 0 plugins.
Preloading 0 native plugins for Editor in 0.00 ms.
Unloading 1122 Unused Serialized files (Serialized files now loaded: 0)
System memory in use before: 60.7 MB.
System memory in use after: 60.8 MB.

Unloading 5 unused Assets to reduce memory usage. Loaded Objects now: 1669.
Total: 2.132900 ms (FindLiveObjects: 0.281000 ms CreateObjectMapping: 0.071100 ms MarkObjects: 1.689600 ms  DeleteObjects: 0.089300 ms)

AssetImportParameters requested are different than current active one (requested -> active):
  custom:graphics/normal-map-encoding: 01000000000000000000000000000000 -> 02000000000000000000000000000000
========================================================================
Received Prepare
Registering precompiled user dll's ...
Registered in 0.000679 seconds.
Begin MonoManager ReloadAssembly
Native extension for WindowsStandalone target not found
Native extension for WebGL target not found
Refreshing native plugins compatible for Editor in 0.47 ms, found 0 plugins.
Preloading 0 native plugins for Editor in 0.00 ms.
Mono: successfully reloaded assembly
- Completed reload, in  1.468 seconds
Platform modules already initialized, skipping
Switching build target platform(5) subTarget(0) extendedPlatform(0) -> platform(13) subTarget(537395200) extendedPlatform(0)
Refreshing native plugins compatible for Editor in 0.23 ms, found 0 plugins.
Preloading 0 native plugins for Editor in 0.00 ms.
Unloading 1122 Unused Serialized files (Serialized files now loaded: 0)
System memory in use before: 60.8 MB.
System memory in use after: 60.8 MB.

Unloading 5 unused Assets to reduce memory usage. Loaded Objects now: 1672.
Total: 3.363000 ms (FindLiveObjects: 1.096100 ms CreateObjectMapping: 0.263000 ms MarkObjects: 1.930900 ms  DeleteObjects: 0.070900 ms)

AssetImportParameters requested are different than current active one (requested -> active):
  custom:graphics/normal-map-encoding: 01000000000000000000000000000000 -> 02000000000000000000000000000000
========================================================================
Received Import Request.
  Time since last request: 831.309202 seconds.
  path: Assets/Scripts/SettingsButton.cs
  artifactKey: Guid(cfc09d01d4ac3fd4cb0b855483b50dfa) Importer(815301076,1909f56bfc062723c751e8b465ee728b)
Start importing Assets/Scripts/SettingsButton.cs using Guid(cfc09d01d4ac3fd4cb0b855483b50dfa) Importer(815301076,1909f56bfc062723c751e8b465ee728b)  -> (artifact id: '2f090bf3618b07affece71bbf60de195') in 0.022692 seconds
  Import took 0.027170 seconds .

========================================================================
Received Prepare
Registering precompiled user dll's ...
Registered in 0.001944 seconds.
Begin MonoManager ReloadAssembly
Native extension for WindowsStandalone target not found
Native extension for WebGL target not found
Refreshing native plugins compatible for Editor in 0.29 ms, found 0 plugins.
Preloading 0 native plugins for Editor in 0.00 ms.
Mono: successfully reloaded assembly
- Completed reload, in  1.473 seconds
Platform modules already initialized, skipping
Switching build target platform(5) subTarget(0) extendedPlatform(0) -> platform(13) subTarget(537395200) extendedPlatform(0)
Refreshing native plugins compatible for Editor in 0.50 ms, found 0 plugins.
Preloading 0 native plugins for Editor in 0.00 ms.
Unloading 1122 Unused Serialized files (Serialized files now loaded: 0)
System memory in use before: 60.8 MB.
System memory in use after: 60.8 MB.

Unloading 5 unused Assets to reduce memory usage. Loaded Objects now: 1675.
Total: 2.368800 ms (FindLiveObjects: 0.220600 ms CreateObjectMapping: 0.064300 ms MarkObjects: 2.013300 ms  DeleteObjects: 0.067900 ms)

AssetImportParameters requested are different than current active one (requested -> active):
  custom:graphics/normal-map-encoding: 01000000000000000000000000000000 -> 02000000000000000000000000000000
========================================================================
Received Import Request.
  Time since last request: 344.997358 seconds.
  path: Assets/Scripts/SettingsButton.cs
  artifactKey: Guid(cfc09d01d4ac3fd4cb0b855483b50dfa) Importer(815301076,1909f56bfc062723c751e8b465ee728b)
Start importing Assets/Scripts/SettingsButton.cs using Guid(cfc09d01d4ac3fd4cb0b855483b50dfa) Importer(815301076,1909f56bfc062723c751e8b465ee728b)  -> (artifact id: '4d4b0fe12c38789932d1aa80a21dc8f2') in 0.006125 seconds
  Import took 0.009983 seconds .

========================================================================
Received Prepare
Registering precompiled user dll's ...
Registered in 0.000643 seconds.
Begin MonoManager ReloadAssembly
Native extension for WindowsStandalone target not found
Native extension for WebGL target not found
Refreshing native plugins compatible for Editor in 2.08 ms, found 0 plugins.
Preloading 0 native plugins for Editor in 0.00 ms.
Mono: successfully reloaded assembly
- Completed reload, in  1.643 seconds
Platform modules already initialized, skipping
Switching build target platform(5) subTarget(0) extendedPlatform(0) -> platform(13) subTarget(537395200) extendedPlatform(0)
Refreshing native plugins compatible for Editor in 0.39 ms, found 0 plugins.
Preloading 0 native plugins for Editor in 0.00 ms.
Unloading 1122 Unused Serialized files (Serialized files now loaded: 0)
System memory in use before: 60.8 MB.
System memory in use after: 60.8 MB.

Unloading 5 unused Assets to reduce memory usage. Loaded Objects now: 1678.
Total: 2.961800 ms (FindLiveObjects: 0.283700 ms CreateObjectMapping: 0.076400 ms MarkObjects: 2.535900 ms  DeleteObjects: 0.063700 ms)

AssetImportParameters requested are different than current active one (requested -> active):
  custom:graphics/normal-map-encoding: 01000000000000000000000000000000 -> 02000000000000000000000000000000
========================================================================
Received Prepare
Registering precompiled user dll's ...
Registered in 0.000906 seconds.
Begin MonoManager ReloadAssembly
Native extension for WindowsStandalone target not found
Native extension for WebGL target not found
Refreshing native plugins compatible for Editor in 0.23 ms, found 0 plugins.
Preloading 0 native plugins for Editor in 0.00 ms.
Mono: successfully reloaded assembly
- Completed reload, in  1.597 seconds
Platform modules already initialized, skipping
Switching build target platform(5) subTarget(0) extendedPlatform(0) -> platform(13) subTarget(537395200) extendedPlatform(0)
Refreshing native plugins compatible for Editor in 0.40 ms, found 0 plugins.
Preloading 0 native plugins for Editor in 0.00 ms.
Unloading 1122 Unused Serialized files (Serialized files now loaded: 0)
System memory in use before: 60.8 MB.
System memory in use after: 60.8 MB.

Unloading 5 unused Assets to reduce memory usage. Loaded Objects now: 1681.
Total: 2.446300 ms (FindLiveObjects: 0.248000 ms CreateObjectMapping: 0.074600 ms MarkObjects: 2.033600 ms  DeleteObjects: 0.088600 ms)

AssetImportParameters requested are different than current active one (requested -> active):
  custom:graphics/normal-map-encoding: 01000000000000000000000000000000 -> 02000000000000000000000000000000
========================================================================
Received Prepare
Registering precompiled user dll's ...
Registered in 0.001827 seconds.
Begin MonoManager ReloadAssembly
Native extension for WindowsStandalone target not found
Native extension for WebGL target not found
Refreshing native plugins compatible for Editor in 0.41 ms, found 0 plugins.
Preloading 0 native plugins for Editor in 0.00 ms.
Mono: successfully reloaded assembly
- Completed reload, in  3.281 seconds
Platform modules already initialized, skipping
Switching build target platform(5) subTarget(0) extendedPlatform(0) -> platform(13) subTarget(537395200) extendedPlatform(0)
Refreshing native plugins compatible for Editor in 0.74 ms, found 0 plugins.
Preloading 0 native plugins for Editor in 0.00 ms.
Unloading 1122 Unused Serialized files (Serialized files now loaded: 0)
System memory in use before: 60.8 MB.
System memory in use after: 60.8 MB.

Unloading 5 unused Assets to reduce memory usage. Loaded Objects now: 1684.
Total: 3.442900 ms (FindLiveObjects: 0.436300 ms CreateObjectMapping: 0.142600 ms MarkObjects: 2.676100 ms  DeleteObjects: 0.184700 ms)

AssetImportParameters requested are different than current active one (requested -> active):
  custom:graphics/normal-map-encoding: 01000000000000000000000000000000 -> 02000000000000000000000000000000
========================================================================
Received Prepare
Registering precompiled user dll's ...
Registered in 0.001448 seconds.
Begin MonoManager ReloadAssembly
Native extension for WindowsStandalone target not found
Native extension for WebGL target not found
Refreshing native plugins compatible for Editor in 0.25 ms, found 0 plugins.
Preloading 0 native plugins for Editor in 0.00 ms.
Mono: successfully reloaded assembly
- Completed reload, in  2.150 seconds
Platform modules already initialized, skipping
Switching build target platform(5) subTarget(0) extendedPlatform(0) -> platform(13) subTarget(537395200) extendedPlatform(0)
Refreshing native plugins compatible for Editor in 0.21 ms, found 0 plugins.
Preloading 0 native plugins for Editor in 0.00 ms.
Unloading 1122 Unused Serialized files (Serialized files now loaded: 0)
System memory in use before: 60.8 MB.
System memory in use after: 60.9 MB.

Unloading 5 unused Assets to reduce memory usage. Loaded Objects now: 1687.
Total: 4.957300 ms (FindLiveObjects: 0.418800 ms CreateObjectMapping: 0.145300 ms MarkObjects: 4.301900 ms  DeleteObjects: 0.088800 ms)

AssetImportParameters requested are different than current active one (requested -> active):
  custom:graphics/normal-map-encoding: 01000000000000000000000000000000 -> 02000000000000000000000000000000
========================================================================
Received Prepare
Registering precompiled user dll's ...
Registered in 0.001250 seconds.
Begin MonoManager ReloadAssembly
Native extension for WindowsStandalone target not found
Native extension for WebGL target not found
Refreshing native plugins compatible for Editor in 0.21 ms, found 0 plugins.
Preloading 0 native plugins for Editor in 0.00 ms.
Mono: successfully reloaded assembly
- Completed reload, in  1.363 seconds
Platform modules already initialized, skipping
Switching build target platform(5) subTarget(0) extendedPlatform(0) -> platform(13) subTarget(537395200) extendedPlatform(0)
Refreshing native plugins compatible for Editor in 0.22 ms, found 0 plugins.
Preloading 0 native plugins for Editor in 0.00 ms.
Unloading 1122 Unused Serialized files (Serialized files now loaded: 0)
System memory in use before: 60.8 MB.
System memory in use after: 60.9 MB.

Unloading 5 unused Assets to reduce memory usage. Loaded Objects now: 1690.
Total: 2.725300 ms (FindLiveObjects: 0.315000 ms CreateObjectMapping: 0.080400 ms MarkObjects: 2.239900 ms  DeleteObjects: 0.088400 ms)

AssetImportParameters requested are different than current active one (requested -> active):
  custom:graphics/normal-map-encoding: 01000000000000000000000000000000 -> 02000000000000000000000000000000
========================================================================
Received Import Request.
  Time since last request: 759.972034 seconds.
  path: Assets/Prefab/ItemApp.prefab
  artifactKey: Guid(5d05efda609a33d48a01f786a2455cd4) Importer(815301076,1909f56bfc062723c751e8b465ee728b)
Start importing Assets/Prefab/ItemApp.prefab using Guid(5d05efda609a33d48a01f786a2455cd4) Importer(815301076,1909f56bfc062723c751e8b465ee728b)  -> (artifact id: 'bcac85c337fe8fd8b82475ffe7879097') in 0.070348 seconds
  Import took 0.073065 seconds .

========================================================================
Received Prepare
Registering precompiled user dll's ...
Registered in 0.000947 seconds.
Begin MonoManager ReloadAssembly
Native extension for WindowsStandalone target not found
Native extension for WebGL target not found
Refreshing native plugins compatible for Editor in 0.22 ms, found 0 plugins.
Preloading 0 native plugins for Editor in 0.00 ms.
Mono: successfully reloaded assembly
- Completed reload, in  1.386 seconds
Platform modules already initialized, skipping
Switching build target platform(5) subTarget(0) extendedPlatform(0) -> platform(13) subTarget(537395200) extendedPlatform(0)
Refreshing native plugins compatible for Editor in 0.37 ms, found 0 plugins.
Preloading 0 native plugins for Editor in 0.00 ms.
Unloading 1122 Unused Serialized files (Serialized files now loaded: 0)
System memory in use before: 60.8 MB.
System memory in use after: 60.9 MB.

Unloading 5 unused Assets to reduce memory usage. Loaded Objects now: 1693.
Total: 3.504800 ms (FindLiveObjects: 0.353400 ms CreateObjectMapping: 0.112100 ms MarkObjects: 2.881100 ms  DeleteObjects: 0.156200 ms)

AssetImportParameters requested are different than current active one (requested -> active):
  custom:graphics/normal-map-encoding: 01000000000000000000000000000000 -> 02000000000000000000000000000000
========================================================================
Received Import Request.
  Time since last request: 166.456383 seconds.
  path: Assets/Prefab
  artifactKey: Guid(4b1f65821ccbc554b950923bd0e83b87) Importer(815301076,1909f56bfc062723c751e8b465ee728b)
Start importing Assets/Prefab using Guid(4b1f65821ccbc554b950923bd0e83b87) Importer(815301076,1909f56bfc062723c751e8b465ee728b)  -> (artifact id: '48d871a3565e800a89290cded42a8279') in 0.013515 seconds
  Import took 0.016375 seconds .

========================================================================
Received Import Request.
  Time since last request: 0.000279 seconds.
  path: Assets/Prefab/ItemMainMenu.prefab
  artifactKey: Guid(eb7e740effc3a924aa42b0f005218c6a) Importer(815301076,1909f56bfc062723c751e8b465ee728b)
Start importing Assets/Prefab/ItemMainMenu.prefab using Guid(eb7e740effc3a924aa42b0f005218c6a) Importer(815301076,1909f56bfc062723c751e8b465ee728b)  -> (artifact id: 'e6a67983ddc39d22eab90ca74b426251') in 0.044492 seconds
  Import took 0.048002 seconds .

========================================================================
Received Import Request.
  Time since last request: 127.816927 seconds.
  path: Assets/Prefab/ItemMainMenu.prefab
  artifactKey: Guid(eb7e740effc3a924aa42b0f005218c6a) Importer(815301076,1909f56bfc062723c751e8b465ee728b)
Start importing Assets/Prefab/ItemMainMenu.prefab using Guid(eb7e740effc3a924aa42b0f005218c6a) Importer(815301076,1909f56bfc062723c751e8b465ee728b)  -> (artifact id: '8e5bfc873eea280e99debbbfb02bdcdb') in 0.012789 seconds
  Import took 0.018024 seconds .

========================================================================
Received Import Request.
  Time since last request: 0.015695 seconds.
  path: Assets/Prefab/ItemMainMenu.prefab
  artifactKey: Guid(eb7e740effc3a924aa42b0f005218c6a) Importer(815301076,1909f56bfc062723c751e8b465ee728b)
Start importing Assets/Prefab/ItemMainMenu.prefab using Guid(eb7e740effc3a924aa42b0f005218c6a) Importer(815301076,1909f56bfc062723c751e8b465ee728b)  -> (artifact id: '8e5bfc873eea280e99debbbfb02bdcdb') in 0.012735 seconds
  Import took 0.017202 seconds .

========================================================================
Received Import Request.
  Time since last request: 7.980324 seconds.
  path: Assets/Prefab/ItemMainMenu.prefab
  artifactKey: Guid(eb7e740effc3a924aa42b0f005218c6a) Importer(815301076,1909f56bfc062723c751e8b465ee728b)
Start importing Assets/Prefab/ItemMainMenu.prefab using Guid(eb7e740effc3a924aa42b0f005218c6a) Importer(815301076,1909f56bfc062723c751e8b465ee728b)  -> (artifact id: 'e13a2490a331d09e8312b1e435738276') in 0.012516 seconds
  Import took 0.015387 seconds .

========================================================================
Received Import Request.
  Time since last request: 0.405986 seconds.
  path: Assets/Prefab/ItemMainMenu.prefab
  artifactKey: Guid(eb7e740effc3a924aa42b0f005218c6a) Importer(815301076,1909f56bfc062723c751e8b465ee728b)
Start importing Assets/Prefab/ItemMainMenu.prefab using Guid(eb7e740effc3a924aa42b0f005218c6a) Importer(815301076,1909f56bfc062723c751e8b465ee728b)  -> (artifact id: 'c5b9874ea6010dd44a055afa2ee146ed') in 0.008500 seconds
  Import took 0.012067 seconds .

========================================================================
Received Import Request.
  Time since last request: 0.581893 seconds.
  path: Assets/Prefab/ItemMainMenu.prefab
  artifactKey: Guid(eb7e740effc3a924aa42b0f005218c6a) Importer(815301076,1909f56bfc062723c751e8b465ee728b)
Start importing Assets/Prefab/ItemMainMenu.prefab using Guid(eb7e740effc3a924aa42b0f005218c6a) Importer(815301076,1909f56bfc062723c751e8b465ee728b)  -> (artifact id: '6aed94c95d488ceb4f67a039c5cf6a7f') in 0.011660 seconds
  Import took 0.015379 seconds .

========================================================================
Received Import Request.
  Time since last request: 0.390966 seconds.
  path: Assets/Prefab/ItemMainMenu.prefab
  artifactKey: Guid(eb7e740effc3a924aa42b0f005218c6a) Importer(815301076,1909f56bfc062723c751e8b465ee728b)
Start importing Assets/Prefab/ItemMainMenu.prefab using Guid(eb7e740effc3a924aa42b0f005218c6a) Importer(815301076,1909f56bfc062723c751e8b465ee728b)  -> (artifact id: '3c1302e96959e4b6cfa33cf8ef440a42') in 0.005948 seconds
  Import took 0.010389 seconds .

========================================================================
Received Import Request.
  Time since last request: 7.275444 seconds.
  path: Assets/Prefab/ItemMainMenu.prefab
  artifactKey: Guid(eb7e740effc3a924aa42b0f005218c6a) Importer(815301076,1909f56bfc062723c751e8b465ee728b)
Start importing Assets/Prefab/ItemMainMenu.prefab using Guid(eb7e740effc3a924aa42b0f005218c6a) Importer(815301076,1909f56bfc062723c751e8b465ee728b)  -> (artifact id: 'd77293869f8d0edd32ce350a6f783024') in 0.005488 seconds
  Import took 0.009448 seconds .

========================================================================
Received Import Request.
  Time since last request: 2.617371 seconds.
  path: Assets/Prefab/ItemMainMenu.prefab
  artifactKey: Guid(eb7e740effc3a924aa42b0f005218c6a) Importer(815301076,1909f56bfc062723c751e8b465ee728b)
Start importing Assets/Prefab/ItemMainMenu.prefab using Guid(eb7e740effc3a924aa42b0f005218c6a) Importer(815301076,1909f56bfc062723c751e8b465ee728b)  -> (artifact id: '2c04bafa3a2433bca4f9857a15e9f471') in 0.007614 seconds
  Import took 0.010748 seconds .

========================================================================
Received Import Request.
  Time since last request: 2.453542 seconds.
  path: Assets/Prefab/ItemMainMenu.prefab
  artifactKey: Guid(eb7e740effc3a924aa42b0f005218c6a) Importer(815301076,1909f56bfc062723c751e8b465ee728b)
Start importing Assets/Prefab/ItemMainMenu.prefab using Guid(eb7e740effc3a924aa42b0f005218c6a) Importer(815301076,1909f56bfc062723c751e8b465ee728b)  -> (artifact id: '49478fc40daf7d6304eb626ce1b48853') in 0.007610 seconds
  Import took 0.010722 seconds .

========================================================================
Received Import Request.
  Time since last request: 3.034095 seconds.
  path: Assets/Prefab/ItemMainMenu.prefab
  artifactKey: Guid(eb7e740effc3a924aa42b0f005218c6a) Importer(815301076,1909f56bfc062723c751e8b465ee728b)
Start importing Assets/Prefab/ItemMainMenu.prefab using Guid(eb7e740effc3a924aa42b0f005218c6a) Importer(815301076,1909f56bfc062723c751e8b465ee728b)  -> (artifact id: 'e18ea0487eff31932df2d0b013cc1b71') in 0.005506 seconds
  Import took 0.008150 seconds .

========================================================================
Received Import Request.
  Time since last request: 0.008784 seconds.
  path: Assets/Prefab/ItemMainMenu.prefab
  artifactKey: Guid(eb7e740effc3a924aa42b0f005218c6a) Importer(815301076,1909f56bfc062723c751e8b465ee728b)
Start importing Assets/Prefab/ItemMainMenu.prefab using Guid(eb7e740effc3a924aa42b0f005218c6a) Importer(815301076,1909f56bfc062723c751e8b465ee728b)  -> (artifact id: 'e18ea0487eff31932df2d0b013cc1b71') in 0.006508 seconds
  Import took 0.009756 seconds .

========================================================================
Received Prepare
Registering precompiled user dll's ...
Registered in 0.001317 seconds.
Begin MonoManager ReloadAssembly
Native extension for WindowsStandalone target not found
Native extension for WebGL target not found
Refreshing native plugins compatible for Editor in 0.49 ms, found 0 plugins.
Preloading 0 native plugins for Editor in 0.00 ms.
Mono: successfully reloaded assembly
- Completed reload, in  1.582 seconds
Platform modules already initialized, skipping
Switching build target platform(5) subTarget(0) extendedPlatform(0) -> platform(13) subTarget(537395200) extendedPlatform(0)
Refreshing native plugins compatible for Editor in 0.23 ms, found 0 plugins.
Preloading 0 native plugins for Editor in 0.00 ms.
Unloading 1122 Unused Serialized files (Serialized files now loaded: 0)
System memory in use before: 60.8 MB.
System memory in use after: 60.9 MB.

Unloading 5 unused Assets to reduce memory usage. Loaded Objects now: 1696.
Total: 2.870200 ms (FindLiveObjects: 0.501600 ms CreateObjectMapping: 0.061300 ms MarkObjects: 2.210300 ms  DeleteObjects: 0.095000 ms)

AssetImportParameters requested are different than current active one (requested -> active):
  custom:graphics/normal-map-encoding: 01000000000000000000000000000000 -> 02000000000000000000000000000000
AssetImportWorkerClient::OnTransportError - code=2 error=End of file
